<?xml version="1.0" encoding="UTF-8"?>
<testsuite name="Create Account Test"
           tests="1"
           failures="1"
           errors="0"
           skipped="0"
           time="2.025">
  <properties />
            <testcase name="createAccountTest" time="2.025" classname="com.pom.testcases.CreateAccountTest">
                <failure type="org.openqa.selenium.NoSuchElementException"
                  message="no such element: Unable to locate element: {&quot;method&quot;:&quot;css selector&quot;,&quot;selector&quot;:&quot;.zgh\-login&quot;}
  (Session info: chrome=138.0.7204.168)
For documentation on this error, please visit: https://www.selenium.dev/documentation/webdriver/troubleshooting/errors#no-such-element-exception
Build info: version: &apos;4.34.0&apos;, revision: &apos;707dcb4246*&apos;
System info: os.name: &apos;Mac OS X&apos;, os.arch: &apos;aarch64&apos;, os.version: &apos;15.5&apos;, java.version: &apos;21.0.7&apos;
Driver info: org.openqa.selenium.chrome.ChromeDriver
Command: [3d461d14944413d2dd332e4c31c4913a, findElement {value=zgh-login, using=class name}]
Capabilities {acceptInsecureCerts: false, browserName: chrome, browserVersion: 138.0.7204.168, chrome: {chromedriverVersion: 137.0.7151.70 (dfa4dc56b2ab..., userDataDir: /var/folders/03/hcnh39r5371...}, fedcm:accounts: true, goog:chromeOptions: {debuggerAddress: localhost:50138}, networkConnectionEnabled: false, pageLoadStrategy: normal, platformName: mac, proxy: Proxy(), se:cdp: ws://localhost:50138/devtoo..., se:cdpVersion: 138.0.7204.168, setWindowRect: true, strictFileInteractability: false, timeouts: {implicit: 0, pageLoad: 300000, script: 30000}, unhandledPromptBehavior: dismiss and notify, webauthn:extension:credBlob: true, webauthn:extension:largeBlob: true, webauthn:extension:minPinLength: true, webauthn:extension:prf: true, webauthn:virtualAuthenticators: true}
Session ID: 3d461d14944413d2dd332e4c31c4913a"
              >
<![CDATA[org.openqa.selenium.NoSuchElementException: no such element: Unable to locate element: {"method":"css selector","selector":".zgh\-login"}
  (Session info: chrome=138.0.7204.168)
For documentation on this error, please visit: https://www.selenium.dev/documentation/webdriver/troubleshooting/errors#no-such-element-exception
Build info: version: '4.34.0', revision: '707dcb4246*'
System info: os.name: 'Mac OS X', os.arch: 'aarch64', os.version: '15.5', java.version: '21.0.7'
Driver info: org.openqa.selenium.chrome.ChromeDriver
Command: [3d461d14944413d2dd332e4c31c4913a, findElement {value=zgh-login, using=class name}]
Capabilities {acceptInsecureCerts: false, browserName: chrome, browserVersion: 138.0.7204.168, chrome: {chromedriverVersion: 137.0.7151.70 (dfa4dc56b2ab..., userDataDir: /var/folders/03/hcnh39r5371...}, fedcm:accounts: true, goog:chromeOptions: {debuggerAddress: localhost:50138}, networkConnectionEnabled: false, pageLoadStrategy: normal, platformName: mac, proxy: Proxy(), se:cdp: ws://localhost:50138/devtoo..., se:cdpVersion: 138.0.7204.168, setWindowRect: true, strictFileInteractability: false, timeouts: {implicit: 0, pageLoad: 300000, script: 30000}, unhandledPromptBehavior: dismiss and notify, webauthn:extension:credBlob: true, webauthn:extension:largeBlob: true, webauthn:extension:minPinLength: true, webauthn:extension:prf: true, webauthn:virtualAuthenticators: true}
Session ID: 3d461d14944413d2dd332e4c31c4913a
  java.base/jdk.internal.reflect.DirectConstructorHandleAccessor.newInstance(DirectConstructorHandleAccessor.java:62)
  java.base/java.lang.reflect.Constructor.newInstanceWithCaller(Constructor.java:502)
  java.base/java.lang.reflect.Constructor.newInstance(Constructor.java:486)
  org.openqa.selenium.remote.ErrorCodec.decode(ErrorCodec.java:167)
  org.openqa.selenium.remote.codec.w3c.W3CHttpResponseCodec.decode(W3CHttpResponseCodec.java:138)
  org.openqa.selenium.remote.codec.w3c.W3CHttpResponseCodec.decode(W3CHttpResponseCodec.java:50)
  org.openqa.selenium.remote.HttpCommandExecutor.execute(HttpCommandExecutor.java:215)
  org.openqa.selenium.remote.service.DriverCommandExecutor.invokeExecute(DriverCommandExecutor.java:216)
  org.openqa.selenium.remote.service.DriverCommandExecutor.execute(DriverCommandExecutor.java:174)
  org.openqa.selenium.remote.RemoteWebDriver.execute(RemoteWebDriver.java:544)
  org.openqa.selenium.remote.ElementLocation$ElementFinder$2.findElement(ElementLocation.java:165)
  org.openqa.selenium.remote.ElementLocation.findElement(ElementLocation.java:59)
  org.openqa.selenium.remote.RemoteWebDriver.findElement(RemoteWebDriver.java:367)
  org.openqa.selenium.remote.RemoteWebDriver.findElement(RemoteWebDriver.java:361)
  com.pom.pages.HomePage.goToLogin(HomePage.java:17)
  com.pom.testcases.CreateAccountTest.createAccountTest(CreateAccountTest.java:22)
  java.base/jdk.internal.reflect.DirectMethodHandleAccessor.invoke(DirectMethodHandleAccessor.java:103)
  java.base/java.lang.reflect.Method.invoke(Method.java:580)
  org.testng.internal.invokers.MethodInvocationHelper.invokeMethod(MethodInvocationHelper.java:141)
  org.testng.internal.invokers.TestInvoker.invokeMethod(TestInvoker.java:687)
  org.testng.internal.invokers.TestInvoker.invokeTestMethod(TestInvoker.java:230)
  org.testng.internal.invokers.MethodRunner.runInSequence(MethodRunner.java:63)
  org.testng.internal.invokers.TestInvoker$MethodInvocationAgent.invoke(TestInvoker.java:995)
  org.testng.internal.invokers.TestInvoker.invokeTestMethods(TestInvoker.java:203)
  org.testng.internal.invokers.TestMethodWorker.invokeTestMethods(TestMethodWorker.java:154)
  org.testng.internal.invokers.TestMethodWorker.run(TestMethodWorker.java:134)
  java.base/java.util.ArrayList.forEach(ArrayList.java:1596)
  org.testng.TestRunner.privateRun(TestRunner.java:741)
  org.testng.TestRunner.run(TestRunner.java:616)
  org.testng.SuiteRunner.runTest(SuiteRunner.java:421)
  org.testng.SuiteRunner.runSequentially(SuiteRunner.java:413)
  org.testng.SuiteRunner.privateRun(SuiteRunner.java:373)
  org.testng.SuiteRunner.run(SuiteRunner.java:312)
  org.testng.SuiteRunnerWorker.runSuite(SuiteRunnerWorker.java:52)
  org.testng.SuiteRunnerWorker.run(SuiteRunnerWorker.java:95)
  org.testng.TestNG.runSuitesSequentially(TestNG.java:1274)
  org.testng.TestNG.runSuitesLocally(TestNG.java:1208)
  org.testng.TestNG.runSuites(TestNG.java:1112)
  org.testng.TestNG.run(TestNG.java:1079)
  com.intellij.rt.testng.IDEARemoteTestNG.run(IDEARemoteTestNG.java:65)
  com.intellij.rt.testng.RemoteTestNGStarter.main(RemoteTestNGStarter.java:105)
]]>
      </failure>

          </testcase>
  
  
  
</testsuite>
